<?xml version="1.0" encoding="UTF-8"?>
<!-- Generated by org.testng.reporters.JUnitReportReporter -->
<testsuite hostname="DESKTOP-3JT8MSM" failures="0" tests="2" name="dhilliprojects.tests.SubmitOrderTest" time="25.550" errors="0" timestamp="2025-03-20T22:26:16 IST" skipped="0">
  <testcase classname="dhilliprojects.tests.SubmitOrderTest" name="submitOrder" time="12.983"/>
  <testcase classname="dhilliprojects.tests.SubmitOrderTest" name="submitOrder" time="12.567"/>
</testsuite> <!-- dhilliprojects.tests.SubmitOrderTest -->
