<?xml version="1.0" encoding="UTF-8"?>
<!-- Generated by org.testng.reporters.JUnitReportReporter -->
<testsuite hostname="DESKTOP-3JT8MSM" failures="0" tests="1" name="dhilliprojects.tests.ErrorValidationsTest" time="5.761" errors="0" timestamp="2025-03-20T20:46:30 IST" skipped="0">
  <testcase classname="dhilliprojects.tests.ErrorValidationsTest" name="loginErrorValidation" time="5.761"/>
</testsuite> <!-- dhilliprojects.tests.ErrorValidationsTest -->
